{
  "RSpec": {
    "coverage": {
      "/Users/student/Projects/Bank-tech-test/spec/account_spec.rb": [
        null,
        null,
        1,
        null,
        1,
        4,
        null,
        1,
        1,
        1,
        null,
        null,
        null,
        1,
        1,
        1,
        1,
        1,
        1,
        1,
        null,
        null,
        null,
        null,
        null,
        null,
        null,
        null,
        1,
        1,
        1,
        1,
        1,
        1,
        1,
        null,
        null,
        null,
        null,
        null,
        null,
        null,
        null
      ],
      "/Users/student/Projects/Bank-tech-test/lib/account.rb": [
        null,
        null,
        1,
        1,
        null,
        1,
        1,
        4,
        4,
        4,
        null,
        null,
        1,
        null,
        1,
        6,
        null,
        null,
        1,
        3,
        3,
        null,
        null,
        1,
        2,
        2,
        null,
        null,
        1,
        1,
        null,
        null,
        1,
        null,
        1,
        null,
        5,
        null,
        null,
        null,
        null,
        5,
        null,
        null,
        1,
        3,
        null,
        null,
        1,
        2,
        null,
        null,
        1,
        1,
        1,
        null,
        null,
        null,
        1,
        1,
        1
      ],
      "/Users/student/Projects/Bank-tech-test/lib/statement.rb": [
        null,
        null,
        1,
        1,
        2,
        2,
        null,
        null,
        1,
        null,
        1,
        2,
        4,
        4,
        4,
        4,
        4,
        null,
        null,
        null
      ],
      "/Users/student/Projects/Bank-tech-test/spec/statement_spec.rb": [
        null,
        null,
        1,
        null,
        1,
        null,
        2,
        null,
        1,
        null,
        1,
        null,
        null,
        null,
        null,
        null,
        1,
        1,
        null,
        null,
        null,
        null,
        null,
        null,
        1,
        1,
        1,
        1,
        null,
        null,
        null,
        null
      ]
    },
    "timestamp": 1574184940
  }
}
